<?xml version="1.0" encoding="UTF-8"?>
<!-- Generated by org.testng.reporters.JUnitXMLReporter -->
<testsuite ignored="0" hostname="User" failures="0" tests="4" name="Default test" time="80.36" errors="0" timestamp="2022-08-26T07:38:18 IST">
  <testcase classname="com.EducationalDomain.scripts.Testcase2" name="tc2" time="13.435"/>
  <testcase classname="com.EducationalDomain.scripts.Testcase2" name="tc2" time="13.196"/>
  <testcase classname="com.EducationalDomain.scripts.Testcase2" name="tc2" time="13.331"/>
  <testcase classname="com.EducationalDomain.scripts.Testcase2" name="tc2" time="13.031"/>
</testsuite> <!-- Default test -->
