<?xml version="1.0" encoding="UTF-8"?>
<!-- Generated by org.testng.reporters.JUnitXMLReporter -->
<testsuite ignored="6" hostname="User" failures="0" tests="7" name="Test" time="122.874" errors="0" timestamp="2022-08-26T07:40:54 IST">
  <testcase classname="com.EducationalDomain.scripts.Testcase4" name="tc4" time="8.764"/>
  <testcase classname="com.EducationalDomain.scripts.Testcase3" name="tc3" time="10.889"/>
  <testcase classname="com.EducationalDomain.scripts.Testcase2" name="tc2" time="13.4"/>
  <testcase classname="com.EducationalDomain.scripts.Testcase2" name="tc2" time="13.054"/>
  <testcase classname="com.EducationalDomain.scripts.Testcase2" name="tc2" time="12.908"/>
  <testcase classname="com.EducationalDomain.scripts.Testcase2" name="tc2" time="13.049"/>
  <testcase classname="com.EducationalDomain.scripts.Testcase1" name="testcase" time="4.801"/>
  <testcase classname="com.EducationalDomain.tcs.genericLib.BaseClass" name="@AfterSuite configAS" time="0.0">
    <ignored/>
  </testcase> <!-- @AfterSuite configAS -->
  <testcase classname="com.EducationalDomain.tcs.genericLib.BaseClass" name="@AfterSuite configAS" time="0.0">
    <ignored/>
  </testcase> <!-- @AfterSuite configAS -->
  <testcase classname="com.EducationalDomain.tcs.genericLib.BaseClass" name="@AfterSuite configAS" time="0.0">
    <ignored/>
  </testcase> <!-- @AfterSuite configAS -->
  <testcase classname="com.EducationalDomain.tcs.genericLib.BaseClass" name="@BeforeSuite configBS" time="0.0">
    <ignored/>
  </testcase> <!-- @BeforeSuite configBS -->
  <testcase classname="com.EducationalDomain.tcs.genericLib.BaseClass" name="@BeforeSuite configBS" time="0.0">
    <ignored/>
  </testcase> <!-- @BeforeSuite configBS -->
  <testcase classname="com.EducationalDomain.tcs.genericLib.BaseClass" name="@BeforeSuite configBS" time="0.0">
    <ignored/>
  </testcase> <!-- @BeforeSuite configBS -->
</testsuite> <!-- Test -->
