<?xml version="1.0" encoding="UTF-8"?>
<testng-results ignored="6" total="13" passed="7" failed="0" skipped="0">
  <reporter-output>
    <line>
      <![CDATA[Data found]]>
    </line>
    <line>
      <![CDATA[Data found]]>
    </line>
    <line>
      <![CDATA[Data found]]>
    </line>
  </reporter-output>
  <suite started-at="2022-08-26T07:38:51 IST" name="Suite" finished-at="2022-08-26T07:40:54 IST" duration-ms="122874">
    <groups>
    </groups>
    <test started-at="2022-08-26T07:38:51 IST" name="Test" finished-at="2022-08-26T07:40:54 IST" duration-ms="122874">
      <class name="com.EducationalDomain.scripts.Testcase4">
        <test-method is-config="true" signature="configBS()[pri:0, instance:com.EducationalDomain.scripts.Testcase4@4310d43]" started-at="2022-08-26T07:38:49 IST" name="configBS" finished-at="2022-08-26T07:38:51 IST" duration-ms="1903" status="PASS">
          <reporter-output>
          </reporter-output>
        </test-method> <!-- configBS -->
        <test-method is-config="true" signature="openApp()[pri:0, instance:com.EducationalDomain.scripts.Testcase4@4310d43]" started-at="2022-08-26T07:38:51 IST" name="openApp" finished-at="2022-08-26T07:38:59 IST" duration-ms="7421" status="PASS">
          <reporter-output>
          </reporter-output>
        </test-method> <!-- openApp -->
        <test-method signature="tc4()[pri:0, instance:com.EducationalDomain.scripts.Testcase4@4310d43]" started-at="2022-08-26T07:38:59 IST" name="tc4" finished-at="2022-08-26T07:39:07 IST" duration-ms="8764" status="PASS">
          <reporter-output>
            <line>
              <![CDATA[Data found]]>
            </line>
            <line>
              <![CDATA[Data found]]>
            </line>
            <line>
              <![CDATA[Data found]]>
            </line>
          </reporter-output>
        </test-method> <!-- tc4 -->
        <test-method is-config="true" signature="closeApp(org.testng.ITestResult)[pri:0, instance:com.EducationalDomain.scripts.Testcase4@4310d43]" started-at="2022-08-26T07:39:07 IST" name="closeApp" finished-at="2022-08-26T07:39:08 IST" duration-ms="1082" status="PASS">
          <params>
            <param index="0">
              <value>
                <![CDATA[[TestResult name=tc4 status=SUCCESS method=Testcase4.tc4()[pri:0, instance:com.EducationalDomain.scripts.Testcase4@4310d43] output=Data found]]]>
              </value>
            </param>
          </params>
          <reporter-output>
          </reporter-output>
        </test-method> <!-- closeApp -->
        <test-method is-config="true" signature="configAS()[pri:0, instance:com.EducationalDomain.scripts.Testcase4@4310d43]" started-at="2022-08-26T07:40:54 IST" name="configAS" finished-at="2022-08-26T07:40:55 IST" duration-ms="1002" status="PASS">
          <reporter-output>
          </reporter-output>
        </test-method> <!-- configAS -->
      </class> <!-- com.EducationalDomain.scripts.Testcase4 -->
      <class name="com.EducationalDomain.scripts.Testcase1">
        <test-method is-config="true" signature="openApp()[pri:0, instance:com.EducationalDomain.scripts.Testcase1@4b0d79fc]" started-at="2022-08-26T07:40:43 IST" name="openApp" finished-at="2022-08-26T07:40:48 IST" duration-ms="5803" status="PASS">
          <reporter-output>
          </reporter-output>
        </test-method> <!-- openApp -->
        <test-method signature="testcase()[pri:0, instance:com.EducationalDomain.scripts.Testcase1@4b0d79fc]" started-at="2022-08-26T07:40:48 IST" name="testcase" finished-at="2022-08-26T07:40:53 IST" duration-ms="4801" status="PASS">
          <reporter-output>
          </reporter-output>
        </test-method> <!-- testcase -->
        <test-method is-config="true" signature="closeApp(org.testng.ITestResult)[pri:0, instance:com.EducationalDomain.scripts.Testcase1@4b0d79fc]" started-at="2022-08-26T07:40:53 IST" name="closeApp" finished-at="2022-08-26T07:40:54 IST" duration-ms="797" status="PASS">
          <params>
            <param index="0">
              <value>
                <![CDATA[[TestResult name=testcase status=SUCCESS method=Testcase1.testcase()[pri:0, instance:com.EducationalDomain.scripts.Testcase1@4b0d79fc] output={null}]]]>
              </value>
            </param>
          </params>
          <reporter-output>
          </reporter-output>
        </test-method> <!-- closeApp -->
      </class> <!-- com.EducationalDomain.scripts.Testcase1 -->
      <class name="com.EducationalDomain.scripts.Testcase3">
        <test-method is-config="true" signature="openApp()[pri:0, instance:com.EducationalDomain.scripts.Testcase3@4659191b]" started-at="2022-08-26T07:39:08 IST" name="openApp" finished-at="2022-08-26T07:39:13 IST" duration-ms="5107" status="PASS">
          <reporter-output>
          </reporter-output>
        </test-method> <!-- openApp -->
        <test-method signature="tc3()[pri:0, instance:com.EducationalDomain.scripts.Testcase3@4659191b]" started-at="2022-08-26T07:39:13 IST" name="tc3" finished-at="2022-08-26T07:39:24 IST" duration-ms="10889" status="PASS">
          <reporter-output>
          </reporter-output>
        </test-method> <!-- tc3 -->
        <test-method is-config="true" signature="closeApp(org.testng.ITestResult)[pri:0, instance:com.EducationalDomain.scripts.Testcase3@4659191b]" started-at="2022-08-26T07:39:24 IST" name="closeApp" finished-at="2022-08-26T07:39:25 IST" duration-ms="862" status="PASS">
          <params>
            <param index="0">
              <value>
                <![CDATA[[TestResult name=tc3 status=SUCCESS method=Testcase3.tc3()[pri:0, instance:com.EducationalDomain.scripts.Testcase3@4659191b] output={null}]]]>
              </value>
            </param>
          </params>
          <reporter-output>
          </reporter-output>
        </test-method> <!-- closeApp -->
      </class> <!-- com.EducationalDomain.scripts.Testcase3 -->
      <class name="com.EducationalDomain.scripts.Testcase2">
        <test-method is-config="true" signature="openApp()[pri:0, instance:com.EducationalDomain.scripts.Testcase2@55634720]" started-at="2022-08-26T07:39:26 IST" name="openApp" finished-at="2022-08-26T07:39:31 IST" duration-ms="5655" status="PASS">
          <reporter-output>
          </reporter-output>
        </test-method> <!-- openApp -->
        <test-method signature="tc2(java.lang.String,java.lang.String,java.lang.String,java.lang.String)[pri:0, instance:com.EducationalDomain.scripts.Testcase2@55634720]" started-at="2022-08-26T07:39:31 IST" name="tc2" data-provider="readExceldata" finished-at="2022-08-26T07:39:45 IST" duration-ms="13400" status="PASS">
          <params>
            <param index="0">
              <value>
                <![CDATA[Raja]]>
              </value>
            </param>
            <param index="1">
              <value>
                <![CDATA[raja@gmail.com]]>
              </value>
            </param>
            <param index="2">
              <value>
                <![CDATA[java]]>
              </value>
            </param>
            <param index="3">
              <value>
                <![CDATA[tset request don't consider]]>
              </value>
            </param>
          </params>
          <reporter-output>
          </reporter-output>
        </test-method> <!-- tc2 -->
        <test-method is-config="true" signature="closeApp(org.testng.ITestResult)[pri:0, instance:com.EducationalDomain.scripts.Testcase2@55634720]" started-at="2022-08-26T07:39:45 IST" name="closeApp" finished-at="2022-08-26T07:39:46 IST" duration-ms="813" status="PASS">
          <params>
            <param index="0">
              <value>
                <![CDATA[[TestResult name=tc2 status=SUCCESS method=Testcase2.tc2(java.lang.String,java.lang.String,java.lang.String,java.lang.String)[pri:0, instance:com.EducationalDomain.scripts.Testcase2@55634720] output={null}]]]>
              </value>
            </param>
          </params>
          <reporter-output>
          </reporter-output>
        </test-method> <!-- closeApp -->
        <test-method is-config="true" signature="openApp()[pri:0, instance:com.EducationalDomain.scripts.Testcase2@55634720]" started-at="2022-08-26T07:39:46 IST" name="openApp" finished-at="2022-08-26T07:39:50 IST" duration-ms="4612" status="PASS">
          <reporter-output>
          </reporter-output>
        </test-method> <!-- openApp -->
        <test-method signature="tc2(java.lang.String,java.lang.String,java.lang.String,java.lang.String)[pri:0, instance:com.EducationalDomain.scripts.Testcase2@55634720]" started-at="2022-08-26T07:39:50 IST" name="tc2" data-provider="readExceldata" finished-at="2022-08-26T07:40:03 IST" duration-ms="13054" status="PASS">
          <params>
            <param index="0">
              <value>
                <![CDATA[praveeen]]>
              </value>
            </param>
            <param index="1">
              <value>
                <![CDATA[prab@gmail.com]]>
              </value>
            </param>
            <param index="2">
              <value>
                <![CDATA[selenium]]>
              </value>
            </param>
            <param index="3">
              <value>
                <![CDATA[tset request don't consider]]>
              </value>
            </param>
          </params>
          <reporter-output>
          </reporter-output>
        </test-method> <!-- tc2 -->
        <test-method is-config="true" signature="closeApp(org.testng.ITestResult)[pri:0, instance:com.EducationalDomain.scripts.Testcase2@55634720]" started-at="2022-08-26T07:40:03 IST" name="closeApp" finished-at="2022-08-26T07:40:04 IST" duration-ms="842" status="PASS">
          <params>
            <param index="0">
              <value>
                <![CDATA[[TestResult name=tc2 status=SUCCESS method=Testcase2.tc2(java.lang.String,java.lang.String,java.lang.String,java.lang.String)[pri:0, instance:com.EducationalDomain.scripts.Testcase2@55634720] output={null}]]]>
              </value>
            </param>
          </params>
          <reporter-output>
          </reporter-output>
        </test-method> <!-- closeApp -->
        <test-method is-config="true" signature="openApp()[pri:0, instance:com.EducationalDomain.scripts.Testcase2@55634720]" started-at="2022-08-26T07:40:04 IST" name="openApp" finished-at="2022-08-26T07:40:09 IST" duration-ms="4801" status="PASS">
          <reporter-output>
          </reporter-output>
        </test-method> <!-- openApp -->
        <test-method signature="tc2(java.lang.String,java.lang.String,java.lang.String,java.lang.String)[pri:0, instance:com.EducationalDomain.scripts.Testcase2@55634720]" started-at="2022-08-26T07:40:09 IST" name="tc2" data-provider="readExceldata" finished-at="2022-08-26T07:40:22 IST" duration-ms="12908" status="PASS">
          <params>
            <param index="0">
              <value>
                <![CDATA[pranav]]>
              </value>
            </param>
            <param index="1">
              <value>
                <![CDATA[pran@gmail.com]]>
              </value>
            </param>
            <param index="2">
              <value>
                <![CDATA[C++]]>
              </value>
            </param>
            <param index="3">
              <value>
                <![CDATA[tset request don't consider]]>
              </value>
            </param>
          </params>
          <reporter-output>
          </reporter-output>
        </test-method> <!-- tc2 -->
        <test-method is-config="true" signature="closeApp(org.testng.ITestResult)[pri:0, instance:com.EducationalDomain.scripts.Testcase2@55634720]" started-at="2022-08-26T07:40:22 IST" name="closeApp" finished-at="2022-08-26T07:40:23 IST" duration-ms="931" status="PASS">
          <params>
            <param index="0">
              <value>
                <![CDATA[[TestResult name=tc2 status=SUCCESS method=Testcase2.tc2(java.lang.String,java.lang.String,java.lang.String,java.lang.String)[pri:0, instance:com.EducationalDomain.scripts.Testcase2@55634720] output={null}]]]>
              </value>
            </param>
          </params>
          <reporter-output>
          </reporter-output>
        </test-method> <!-- closeApp -->
        <test-method is-config="true" signature="openApp()[pri:0, instance:com.EducationalDomain.scripts.Testcase2@55634720]" started-at="2022-08-26T07:40:23 IST" name="openApp" finished-at="2022-08-26T07:40:28 IST" duration-ms="5774" status="PASS">
          <reporter-output>
          </reporter-output>
        </test-method> <!-- openApp -->
        <test-method signature="tc2(java.lang.String,java.lang.String,java.lang.String,java.lang.String)[pri:0, instance:com.EducationalDomain.scripts.Testcase2@55634720]" started-at="2022-08-26T07:40:28 IST" name="tc2" data-provider="readExceldata" finished-at="2022-08-26T07:40:42 IST" duration-ms="13049" status="PASS">
          <params>
            <param index="0">
              <value>
                <![CDATA[ramesh]]>
              </value>
            </param>
            <param index="1">
              <value>
                <![CDATA[ram@gmail.com]]>
              </value>
            </param>
            <param index="2">
              <value>
                <![CDATA[appium]]>
              </value>
            </param>
            <param index="3">
              <value>
                <![CDATA[tset request don't consider]]>
              </value>
            </param>
          </params>
          <reporter-output>
          </reporter-output>
        </test-method> <!-- tc2 -->
        <test-method is-config="true" signature="closeApp(org.testng.ITestResult)[pri:0, instance:com.EducationalDomain.scripts.Testcase2@55634720]" started-at="2022-08-26T07:40:42 IST" name="closeApp" finished-at="2022-08-26T07:40:43 IST" duration-ms="1020" status="PASS">
          <params>
            <param index="0">
              <value>
                <![CDATA[[TestResult name=tc2 status=SUCCESS method=Testcase2.tc2(java.lang.String,java.lang.String,java.lang.String,java.lang.String)[pri:0, instance:com.EducationalDomain.scripts.Testcase2@55634720] output={null}]]]>
              </value>
            </param>
          </params>
          <reporter-output>
          </reporter-output>
        </test-method> <!-- closeApp -->
      </class> <!-- com.EducationalDomain.scripts.Testcase2 -->
    </test> <!-- Test -->
  </suite> <!-- Suite -->
</testng-results>
